<?xml version="1.0" encoding="UTF-8"?>
<!-- Generated by org.testng.reporters.JUnitXMLReporter -->
<testsuite ignored="0" hostname="DESKTOP-OQPM0JT" failures="1" tests="6" name="Test" time="98.766" errors="0" timestamp="2025-08-07T11:58:51 IST">
  <testcase classname="org.test.MyTest" name="fbtitle" time="23.036">
    <skipped/>
  </testcase> <!-- fbtitle -->
  <testcase classname="org.test.MyTest" name="fbtitle" time="22.346">
    <skipped/>
  </testcase> <!-- fbtitle -->
  <testcase classname="org.test.MyTest" name="fbtitle" time="36.752">
    <skipped/>
  </testcase> <!-- fbtitle -->
  <testcase classname="org.test.MyTest" name="fbtitle" time="13.466">
    <failure type="java.lang.AssertionError" message="expected [facebook] but found [Facebook – log in or sign up]">
      <![CDATA[java.lang.AssertionError: expected [facebook] but found [Facebook – log in or sign up]
at org.test.MyTest.fbtitle(MyTest.java:34)
at java.base/java.util.ArrayList.forEach(ArrayList.java:1511)
... Removed 33 stack frames]]>
    </failure>
  </testcase> <!-- fbtitle -->
  <testcase classname="org.test.MyTest" name="login" time="0.005"/>
  <testcase classname="org.test.MyTest" name="logout" time="0.003"/>
</testsuite> <!-- Test -->
